<?xml version="1.0" encoding="UTF-8"?>
<testsuite xmlns:xsi="http://www.w3.org/2001/XMLSchema-instance" xsi:noNamespaceSchemaLocation="https://maven.apache.org/surefire/maven-surefire-plugin/xsd/surefire-test-report.xsd" version="3.0.2" name="TestSuite" time="74.981" tests="4" errors="0" skipped="0" failures="0">
  <properties>
[...]
</properties>
  <testcase name="runScenario[&quot;Verify title of Homepage&quot;, &quot;Home Page Functionality&quot;](1)" classname="Runner_Class.Runner_Homepage" time="26.478">
    <system-out><![CDATA[
Scenario: Verify title of Homepage       &amp#27;[90m# Appfeatures/Homepage.feature:4&amp#27;[0m
  &amp#27;[32mGiven &amp#27;[0m&amp#27;[32mUser is on HomePage&amp#27;[0m              &amp#27;[90m# Step_definationclass.StepDef_Homepage.user_is_on_home_page()&amp#27;[0m

    Embedding [B@8ff5094 [image/png 332587 bytes]

Your Store######
  &amp#27;[32mThen &amp#27;[0m&amp#27;[32mpage title should be &amp#27;[0m&amp#27;[32m&amp#27;[1m"Your Store"&amp#27;[0m &amp#27;[90m# Step_definationclass.StepDef_Homepage.page_title_should_be(java.lang.String)&amp#27;[0m

    Embedding [B@65a5d4f9 [image/png 332753 bytes]

]]></system-out>
    <system-err><![CDATA[SLF4J(W): No SLF4J providers were found.
SLF4J(W): Defaulting to no-operation (NOP) logger implementation
SLF4J(W): See https://www.slf4j.org/codes.html#noProviders for further details.
]]></system-err>
  </testcase>
  <testcase name="runScenario[&quot;Verify Shopping cart icon present&quot;, &quot;Home Page Functionality&quot;](2)" classname="Runner_Class.Runner_Homepage" time="12.501">
    <system-out><![CDATA[
Scenario: Verify Shopping cart icon present   &amp#27;[90m# Appfeatures/Homepage.feature:8&amp#27;[0m
  &amp#27;[32mGiven &amp#27;[0m&amp#27;[32mUser is on HomePage&amp#27;[0m                   &amp#27;[90m# Step_definationclass.StepDef_Homepage.user_is_on_home_page()&amp#27;[0m

    Embedding [B@30a7c98f [image/png 332753 bytes]

  &amp#27;[32mThen &amp#27;[0m&amp#27;[32mshopping cart icon should be displayed&amp#27;[0m &amp#27;[90m# Step_definationclass.StepDef_Homepage.shopping_cart_icon_should_be_displayed()&amp#27;[0m

    Embedding [B@2c768ada [image/png 332753 bytes]

]]></system-out>
  </testcase>
  <testcase name="runScenario[&quot;Verify brand name present&quot;, &quot;Home Page Functionality&quot;](3)" classname="Runner_Class.Runner_Homepage" time="15.955">
    <system-out><![CDATA[
Scenario: Verify brand name present                  &amp#27;[90m# Appfeatures/Homepage.feature:12&amp#27;[0m
  &amp#27;[32mGiven &amp#27;[0m&amp#27;[32mUser is on HomePage&amp#27;[0m                          &amp#27;[90m# Step_definationclass.StepDef_Homepage.user_is_on_home_page()&amp#27;[0m

    Embedding [B@52cb4f50 [image/png 332752 bytes]

  &amp#27;[32mWhen &amp#27;[0m&amp#27;[32mUser clicks on iphone&amp#27;[0m                         &amp#27;[90m# Step_definationclass.StepDef_Homepage.user_clicks_on_iphone()&amp#27;[0m

    Embedding [B@71d8cfe7 [image/png 161696 bytes]

  &amp#27;[32mThen &amp#27;[0m&amp#27;[32muser should be able to see brand name &amp#27;[0m&amp#27;[32m&amp#27;[1m"Apple"&amp#27;[0m &amp#27;[90m# Step_definationclass.StepDef_Homepage.user_should_be_able_to_see_brand_name(java.lang.String)&amp#27;[0m

    Embedding [B@702c436b [image/png 161696 bytes]

]]></system-out>
  </testcase>
  <testcase name="runScenario[&quot;Verify user able to login&quot;, &quot;Home Page Functionality&quot;](4)" classname="Runner_Class.Runner_Homepage" time="11.272">
    <system-out><![CDATA[
Scenario Outline: Verify user able to login                     &amp#27;[90m# Appfeatures/Homepage.feature:28&amp#27;[0m
  &amp#27;[32mGiven &amp#27;[0m&amp#27;[32mUser is on HomePage&amp#27;[0m                                     &amp#27;[90m# Step_definationclass.StepDef_Homepage.user_is_on_home_page()&amp#27;[0m

    Embedding [B@61a1ea2c [image/png 198358 bytes]

  &amp#27;[32mWhen &amp#27;[0m&amp#27;[32muser click My account dropdown&amp#27;[0m                           &amp#27;[90m# Step_definationclass.StepDef_Homepage.user_click_my_account_dropdown()&amp#27;[0m

    Embedding [B@71ad3d8a [image/png 201240 bytes]

  &amp#27;[32mAnd &amp#27;[0m&amp#27;[32muser click on login option&amp#27;[0m                                &amp#27;[90m# Step_definationclass.StepDef_Homepage.user_click_on_login_option()&amp#27;[0m

    Embedding [B@4d192aef [image/png 99777 bytes]

  &amp#27;[32mAnd &amp#27;[0m&amp#27;[32muser enters &amp#27;[0m&amp#27;[32m&amp#27;[1m"virajvelocity@gmail.com"&amp#27;[0m&amp#27;[32m and &amp#27;[0m&amp#27;[32m&amp#27;[1m"Velocity@1234"&amp#27;[0m &amp#27;[90m# Step_definationclass.StepDef_Homepage.user_enters_and(java.lang.String,java.lang.String)&amp#27;[0m

    Embedding [B@383864d5 [image/png 102426 bytes]

  &amp#27;[32mAnd &amp#27;[0m&amp#27;[32muser click on Login button&amp#27;[0m                                &amp#27;[90m# Step_definationclass.StepDef_Homepage.user_click_on_login_button()&amp#27;[0m

    Embedding [B@12c60152 [image/png 99411 bytes]

My Account5555555
  &amp#27;[32mThen &amp#27;[0m&amp#27;[32muser should be redirected to the &amp#27;[0m&amp#27;[32m&amp#27;[1m"My Account"&amp#27;[0m&amp#27;[32m page&amp#27;[0m       &amp#27;[90m# Step_definationclass.StepDef_Homepage.user_should_be_redirected_to_the_page(java.lang.String)&amp#27;[0m

    Embedding [B@66213a0d [image/png 99411 bytes]

]]></system-out>
  </testcase>
</testsuite>