<?xml version="1.0" encoding="UTF-8"?>
<testng-results ignored="0" total="4" passed="4" failed="0" skipped="0">
  <reporter-output>
  </reporter-output>
  <suite started-at="2025-07-03T10:58:05 IST" name="Default suite" finished-at="2025-07-03T10:58:38 IST" duration-ms="32942">
    <groups>
      <group name="cucumber">
        <method signature="AbstractTestNGCucumberTests.runScenario(io.cucumber.testng.PickleWrapper,io.cucumber.testng.FeatureWrapper)[pri:0, instance:Runner_Class.Runner_Homepage@7927bd9f]" name="runScenario" class="io.cucumber.testng.AbstractTestNGCucumberTests"/>
      </group> <!-- cucumber -->
    </groups>
    <test started-at="2025-07-03T10:58:05 IST" name="Default test" finished-at="2025-07-03T10:58:38 IST" duration-ms="32942">
      <class name="Runner_Class.Runner_Homepage">
        <test-method is-config="true" signature="setUpClass(org.testng.ITestContext)[pri:0, instance:Runner_Class.Runner_Homepage@7927bd9f]" started-at="2025-07-03T10:58:05 IST" name="setUpClass" finished-at="2025-07-03T10:58:07 IST" duration-ms="1858" status="PASS">
          <params>
            <param index="0">
              <value>
                <![CDATA[org.testng.TestRunner@e8fb390]]>
              </value>
            </param>
          </params>
          <reporter-output>
          </reporter-output>
        </test-method> <!-- setUpClass -->
        <test-method signature="runScenario(io.cucumber.testng.PickleWrapper,io.cucumber.testng.FeatureWrapper)[pri:0, instance:Runner_Class.Runner_Homepage@7927bd9f]" started-at="2025-07-03T10:58:07 IST" name="runScenario" description="Runs Cucumber Scenarios" data-provider="scenarios" finished-at="2025-07-03T10:58:17 IST" duration-ms="10667" status="PASS">
          <params>
            <param index="0">
              <value>
                <![CDATA["Verify title of Homepage"]]>
              </value>
            </param>
            <param index="1">
              <value>
                <![CDATA["Home Page Functionality"]]>
              </value>
            </param>
          </params>
          <reporter-output>
          </reporter-output>
        </test-method> <!-- runScenario -->
        <test-method signature="runScenario(io.cucumber.testng.PickleWrapper,io.cucumber.testng.FeatureWrapper)[pri:0, instance:Runner_Class.Runner_Homepage@7927bd9f]" started-at="2025-07-03T10:58:17 IST" name="runScenario" description="Runs Cucumber Scenarios" data-provider="scenarios" finished-at="2025-07-03T10:58:23 IST" duration-ms="5472" status="PASS">
          <params>
            <param index="0">
              <value>
                <![CDATA["Verify Shopping cart icon present"]]>
              </value>
            </param>
            <param index="1">
              <value>
                <![CDATA["Home Page Functionality"]]>
              </value>
            </param>
          </params>
          <reporter-output>
          </reporter-output>
        </test-method> <!-- runScenario -->
        <test-method signature="runScenario(io.cucumber.testng.PickleWrapper,io.cucumber.testng.FeatureWrapper)[pri:0, instance:Runner_Class.Runner_Homepage@7927bd9f]" started-at="2025-07-03T10:58:23 IST" name="runScenario" description="Runs Cucumber Scenarios" data-provider="scenarios" finished-at="2025-07-03T10:58:28 IST" duration-ms="5125" status="PASS">
          <params>
            <param index="0">
              <value>
                <![CDATA["Verify brand name present"]]>
              </value>
            </param>
            <param index="1">
              <value>
                <![CDATA["Home Page Functionality"]]>
              </value>
            </param>
          </params>
          <reporter-output>
          </reporter-output>
        </test-method> <!-- runScenario -->
        <test-method signature="runScenario(io.cucumber.testng.PickleWrapper,io.cucumber.testng.FeatureWrapper)[pri:0, instance:Runner_Class.Runner_Homepage@7927bd9f]" started-at="2025-07-03T10:58:28 IST" name="runScenario" description="Runs Cucumber Scenarios" data-provider="scenarios" finished-at="2025-07-03T10:58:37 IST" duration-ms="9062" status="PASS">
          <params>
            <param index="0">
              <value>
                <![CDATA["Verify user able to login"]]>
              </value>
            </param>
            <param index="1">
              <value>
                <![CDATA["Home Page Functionality"]]>
              </value>
            </param>
          </params>
          <reporter-output>
          </reporter-output>
        </test-method> <!-- runScenario -->
        <test-method is-config="true" signature="tearDownClass()[pri:0, instance:Runner_Class.Runner_Homepage@7927bd9f]" started-at="2025-07-03T10:58:37 IST" name="tearDownClass" finished-at="2025-07-03T10:58:38 IST" duration-ms="626" status="PASS">
          <reporter-output>
          </reporter-output>
        </test-method> <!-- tearDownClass -->
      </class> <!-- Runner_Class.Runner_Homepage -->
    </test> <!-- Default test -->
  </suite> <!-- Default suite -->
</testng-results>
